{"/Users/master/Desktop/repos/COSC4353-Group27/server.js": {"path":"/Users/master/Desktop/repos/COSC4353-Group27/server.js","statementMap":{"0":{"start":{"line":1,"column":0},"end":{"line":1,"column":27}},"1":{"start":{"line":2,"column":16},"end":{"line":2,"column":34}},"2":{"start":{"line":3,"column":12},"end":{"line":3,"column":21}},"3":{"start":{"line":4,"column":13},"end":{"line":4,"column":28}},"4":{"start":{"line":5,"column":30},"end":{"line":5,"column":60}},"5":{"start":{"line":6,"column":21},"end":{"line":6,"column":57}},"6":{"start":{"line":7,"column":21},"end":{"line":7,"column":45}},"7":{"start":{"line":8,"column":13},"end":{"line":8,"column":28}},"8":{"start":{"line":9,"column":20},"end":{"line":9,"column":51}},"9":{"start":{"line":10,"column":18},"end":{"line":10,"column":44}},"10":{"start":{"line":11,"column":17},"end":{"line":11,"column":36}},"11":{"start":{"line":12,"column":13},"end":{"line":12,"column":37}},"12":{"start":{"line":13,"column":17},"end":{"line":13,"column":47}},"13":{"start":{"line":15,"column":0},"end":{"line":17,"column":1}},"14":{"start":{"line":16,"column":2},"end":{"line":16,"column":72}},"15":{"start":{"line":16,"column":25},"end":{"line":16,"column":70}},"16":{"start":{"line":23,"column":0},"end":{"line":23,"column":16}},"17":{"start":{"line":25,"column":0},"end":{"line":25,"column":27}},"18":{"start":{"line":27,"column":0},"end":{"line":27,"column":24}},"19":{"start":{"line":29,"column":0},"end":{"line":29,"column":24}},"20":{"start":{"line":31,"column":0},"end":{"line":31,"column":62}},"21":{"start":{"line":35,"column":0},"end":{"line":35,"column":39}},"22":{"start":{"line":41,"column":0},"end":{"line":41,"column":55}},"23":{"start":{"line":42,"column":0},"end":{"line":42,"column":57}},"24":{"start":{"line":43,"column":0},"end":{"line":43,"column":51}},"25":{"start":{"line":44,"column":0},"end":{"line":44,"column":63}},"26":{"start":{"line":45,"column":0},"end":{"line":45,"column":69}},"27":{"start":{"line":47,"column":0},"end":{"line":56,"column":3}},"28":{"start":{"line":48,"column":2},"end":{"line":48,"column":18}},"29":{"start":{"line":49,"column":2},"end":{"line":55,"column":3}},"30":{"start":{"line":50,"column":4},"end":{"line":50,"column":61}},"31":{"start":{"line":51,"column":9},"end":{"line":55,"column":3}},"32":{"start":{"line":52,"column":4},"end":{"line":52,"column":43}},"33":{"start":{"line":54,"column":4},"end":{"line":54,"column":42}},"34":{"start":{"line":58,"column":0},"end":{"line":58,"column":22}},"35":{"start":{"line":71,"column":0},"end":{"line":71,"column":21}}},"fnMap":{"0":{"name":"(anonymous_0)","decl":{"start":{"line":16,"column":19},"end":{"line":16,"column":20}},"loc":{"start":{"line":16,"column":25},"end":{"line":16,"column":70}},"line":16},"1":{"name":"(anonymous_1)","decl":{"start":{"line":47,"column":13},"end":{"line":47,"column":14}},"loc":{"start":{"line":47,"column":27},"end":{"line":56,"column":1}},"line":47}},"branchMap":{"0":{"loc":{"start":{"line":12,"column":13},"end":{"line":12,"column":37}},"type":"binary-expr","locations":[{"start":{"line":12,"column":13},"end":{"line":12,"column":29}},{"start":{"line":12,"column":33},"end":{"line":12,"column":37}}],"line":12},"1":{"loc":{"start":{"line":13,"column":17},"end":{"line":13,"column":47}},"type":"binary-expr","locations":[{"start":{"line":13,"column":17},"end":{"line":13,"column":37}},{"start":{"line":13,"column":41},"end":{"line":13,"column":47}}],"line":13},"2":{"loc":{"start":{"line":15,"column":0},"end":{"line":17,"column":1}},"type":"if","locations":[{"start":{"line":15,"column":0},"end":{"line":17,"column":1}},{"start":{},"end":{}}],"line":15},"3":{"loc":{"start":{"line":49,"column":2},"end":{"line":55,"column":3}},"type":"if","locations":[{"start":{"line":49,"column":2},"end":{"line":55,"column":3}},{"start":{"line":51,"column":9},"end":{"line":55,"column":3}}],"line":49},"4":{"loc":{"start":{"line":51,"column":9},"end":{"line":55,"column":3}},"type":"if","locations":[{"start":{"line":51,"column":9},"end":{"line":55,"column":3}},{"start":{"line":53,"column":9},"end":{"line":55,"column":3}}],"line":51}},"s":{"0":5,"1":5,"2":5,"3":5,"4":5,"5":5,"6":5,"7":5,"8":5,"9":5,"10":5,"11":5,"12":5,"13":5,"14":0,"15":0,"16":5,"17":5,"18":5,"19":5,"20":5,"21":5,"22":5,"23":5,"24":5,"25":5,"26":5,"27":5,"28":0,"29":0,"30":0,"31":0,"32":0,"33":0,"34":5,"35":5},"f":{"0":0,"1":0},"b":{"0":[5,5],"1":[5,0],"2":[0,5],"3":[0,0],"4":[0,0]},"_coverageSchema":"1a1c01bbd47fc00a2c39e90264f33305004495a9","hash":"3c46fcead2abd0b322bad8308d38e1dfd31c1bd2"}
,"/Users/master/Desktop/repos/COSC4353-Group27/config/allowedOrigins.js": {"path":"/Users/master/Desktop/repos/COSC4353-Group27/config/allowedOrigins.js","statementMap":{"0":{"start":{"line":1,"column":16},"end":{"line":1,"column":41}},"1":{"start":{"line":3,"column":23},"end":{"line":5,"column":1}},"2":{"start":{"line":7,"column":0},"end":{"line":7,"column":31}}},"fnMap":{},"branchMap":{},"s":{"0":5,"1":5,"2":5},"f":{},"b":{},"_coverageSchema":"1a1c01bbd47fc00a2c39e90264f33305004495a9","hash":"14aeff88d3ba5ffb410d9bb65a5fc4e333be1605"}
,"/Users/master/Desktop/repos/COSC4353-Group27/config/corsOptions.js": {"path":"/Users/master/Desktop/repos/COSC4353-Group27/config/corsOptions.js","statementMap":{"0":{"start":{"line":1,"column":23},"end":{"line":1,"column":50}},"1":{"start":{"line":3,"column":20},"end":{"line":18,"column":1}},"2":{"start":{"line":8,"column":8},"end":{"line":12,"column":9}},"3":{"start":{"line":9,"column":12},"end":{"line":9,"column":32}},"4":{"start":{"line":11,"column":12},"end":{"line":11,"column":54}},"5":{"start":{"line":20,"column":0},"end":{"line":20,"column":28}}},"fnMap":{"0":{"name":"(anonymous_0)","decl":{"start":{"line":4,"column":12},"end":{"line":4,"column":13}},"loc":{"start":{"line":4,"column":34},"end":{"line":13,"column":5}},"line":4}},"branchMap":{"0":{"loc":{"start":{"line":8,"column":8},"end":{"line":12,"column":9}},"type":"if","locations":[{"start":{"line":8,"column":8},"end":{"line":12,"column":9}},{"start":{"line":10,"column":15},"end":{"line":12,"column":9}}],"line":8},"1":{"loc":{"start":{"line":8,"column":11},"end":{"line":8,"column":59}},"type":"binary-expr","locations":[{"start":{"line":8,"column":11},"end":{"line":8,"column":48}},{"start":{"line":8,"column":52},"end":{"line":8,"column":59}}],"line":8}},"s":{"0":5,"1":5,"2":25,"3":25,"4":0,"5":5},"f":{"0":25},"b":{"0":[25,0],"1":[25,25]},"_coverageSchema":"1a1c01bbd47fc00a2c39e90264f33305004495a9","hash":"ce8349aa35bb645094044534710914a250de942c"}
,"/Users/master/Desktop/repos/COSC4353-Group27/config/dbConn.js": {"path":"/Users/master/Desktop/repos/COSC4353-Group27/config/dbConn.js","statementMap":{},"fnMap":{},"branchMap":{},"s":{},"f":{},"b":{},"_coverageSchema":"1a1c01bbd47fc00a2c39e90264f33305004495a9","hash":"cf081c7707f5ecfd14d37c7b48491a6752a2f19b"}
,"/Users/master/Desktop/repos/COSC4353-Group27/controllers/fuelQuoteFormController.js": {"path":"/Users/master/Desktop/repos/COSC4353-Group27/controllers/fuelQuoteFormController.js","statementMap":{"0":{"start":{"line":1,"column":16},"end":{"line":1,"column":54}},"1":{"start":{"line":2,"column":15},"end":{"line":2,"column":45}},"2":{"start":{"line":3,"column":13},"end":{"line":3,"column":28}},"3":{"start":{"line":8,"column":25},"end":{"line":18,"column":1}},"4":{"start":{"line":9,"column":13},"end":{"line":9,"column":26}},"5":{"start":{"line":10,"column":17},"end":{"line":10,"column":60}},"6":{"start":{"line":10,"column":45},"end":{"line":10,"column":58}},"7":{"start":{"line":11,"column":18},"end":{"line":11,"column":33}},"8":{"start":{"line":13,"column":2},"end":{"line":17,"column":5}},"9":{"start":{"line":22,"column":26},"end":{"line":47,"column":1}},"10":{"start":{"line":23,"column":13},"end":{"line":23,"column":34}},"11":{"start":{"line":24,"column":18},"end":{"line":24,"column":42}},"12":{"start":{"line":25,"column":15},"end":{"line":25,"column":40}},"13":{"start":{"line":26,"column":2},"end":{"line":28,"column":3}},"14":{"start":{"line":27,"column":4},"end":{"line":27,"column":72}},"15":{"start":{"line":29,"column":2},"end":{"line":33,"column":3}},"16":{"start":{"line":30,"column":4},"end":{"line":32,"column":79}},"17":{"start":{"line":34,"column":2},"end":{"line":38,"column":3}},"18":{"start":{"line":35,"column":4},"end":{"line":37,"column":7}},"19":{"start":{"line":39,"column":2},"end":{"line":43,"column":5}},"20":{"start":{"line":44,"column":2},"end":{"line":46,"column":5}},"21":{"start":{"line":48,"column":0},"end":{"line":48,"column":57}}},"fnMap":{"0":{"name":"(anonymous_0)","decl":{"start":{"line":8,"column":25},"end":{"line":8,"column":26}},"loc":{"start":{"line":8,"column":39},"end":{"line":18,"column":1}},"line":8},"1":{"name":"(anonymous_1)","decl":{"start":{"line":10,"column":30},"end":{"line":10,"column":31}},"loc":{"start":{"line":10,"column":45},"end":{"line":10,"column":58}},"line":10},"2":{"name":"(anonymous_2)","decl":{"start":{"line":22,"column":26},"end":{"line":22,"column":27}},"loc":{"start":{"line":22,"column":40},"end":{"line":47,"column":1}},"line":22}},"branchMap":{"0":{"loc":{"start":{"line":26,"column":2},"end":{"line":28,"column":3}},"type":"if","locations":[{"start":{"line":26,"column":2},"end":{"line":28,"column":3}},{"start":{},"end":{}}],"line":26},"1":{"loc":{"start":{"line":26,"column":6},"end":{"line":26,"column":23}},"type":"binary-expr","locations":[{"start":{"line":26,"column":6},"end":{"line":26,"column":14}},{"start":{"line":26,"column":18},"end":{"line":26,"column":23}}],"line":26},"2":{"loc":{"start":{"line":29,"column":2},"end":{"line":33,"column":3}},"type":"if","locations":[{"start":{"line":29,"column":2},"end":{"line":33,"column":3}},{"start":{},"end":{}}],"line":29},"3":{"loc":{"start":{"line":29,"column":6},"end":{"line":29,"column":39}},"type":"binary-expr","locations":[{"start":{"line":29,"column":6},"end":{"line":29,"column":20}},{"start":{"line":29,"column":24},"end":{"line":29,"column":39}}],"line":29},"4":{"loc":{"start":{"line":34,"column":2},"end":{"line":38,"column":3}},"type":"if","locations":[{"start":{"line":34,"column":2},"end":{"line":38,"column":3}},{"start":{},"end":{}}],"line":34},"5":{"loc":{"start":{"line":34,"column":6},"end":{"line":34,"column":71}},"type":"binary-expr","locations":[{"start":{"line":34,"column":6},"end":{"line":34,"column":36}},{"start":{"line":34,"column":40},"end":{"line":34,"column":71}}],"line":34}},"s":{"0":5,"1":5,"2":5,"3":5,"4":1,"5":1,"6":1,"7":1,"8":1,"9":5,"10":4,"11":4,"12":4,"13":4,"14":1,"15":3,"16":1,"17":2,"18":1,"19":1,"20":1,"21":5},"f":{"0":1,"1":1,"2":4},"b":{"0":[1,3],"1":[4,3],"2":[1,2],"3":[3,2],"4":[1,1],"5":[2,2]},"_coverageSchema":"1a1c01bbd47fc00a2c39e90264f33305004495a9","hash":"0b90297fc1f23ae9c45498148cbcfe8ad59d53a8"}
,"/Users/master/Desktop/repos/COSC4353-Group27/controllers/fuelQuoteHistoryController.js": {"path":"/Users/master/Desktop/repos/COSC4353-Group27/controllers/fuelQuoteHistoryController.js","statementMap":{"0":{"start":{"line":1,"column":15},"end":{"line":1,"column":45}},"1":{"start":{"line":5,"column":28},"end":{"line":12,"column":1}},"2":{"start":{"line":6,"column":13},"end":{"line":6,"column":26}},"3":{"start":{"line":7,"column":23},"end":{"line":7,"column":61}},"4":{"start":{"line":7,"column":44},"end":{"line":7,"column":60}},"5":{"start":{"line":8,"column":2},"end":{"line":10,"column":3}},"6":{"start":{"line":9,"column":4},"end":{"line":9,"column":64}},"7":{"start":{"line":11,"column":2},"end":{"line":11,"column":47}},"8":{"start":{"line":14,"column":0},"end":{"line":14,"column":41}}},"fnMap":{"0":{"name":"(anonymous_0)","decl":{"start":{"line":5,"column":28},"end":{"line":5,"column":29}},"loc":{"start":{"line":5,"column":42},"end":{"line":12,"column":1}},"line":5},"1":{"name":"(anonymous_1)","decl":{"start":{"line":7,"column":37},"end":{"line":7,"column":38}},"loc":{"start":{"line":7,"column":44},"end":{"line":7,"column":60}},"line":7}},"branchMap":{"0":{"loc":{"start":{"line":8,"column":2},"end":{"line":10,"column":3}},"type":"if","locations":[{"start":{"line":8,"column":2},"end":{"line":10,"column":3}},{"start":{},"end":{}}],"line":8}},"s":{"0":5,"1":5,"2":2,"3":2,"4":2,"5":2,"6":1,"7":1,"8":5},"f":{"0":2,"1":2},"b":{"0":[1,1]},"_coverageSchema":"1a1c01bbd47fc00a2c39e90264f33305004495a9","hash":"52faa422ade9f512222021fd2479006393a8116e"}
,"/Users/master/Desktop/repos/COSC4353-Group27/controllers/loginController.js": {"path":"/Users/master/Desktop/repos/COSC4353-Group27/controllers/loginController.js","statementMap":{"0":{"start":{"line":1,"column":14},"end":{"line":1,"column":50}},"1":{"start":{"line":5,"column":17},"end":{"line":9,"column":1}},"2":{"start":{"line":6,"column":2},"end":{"line":8,"column":5}},"3":{"start":{"line":13,"column":18},"end":{"line":28,"column":1}},"4":{"start":{"line":14,"column":33},"end":{"line":14,"column":41}},"5":{"start":{"line":15,"column":2},"end":{"line":17,"column":3}},"6":{"start":{"line":16,"column":4},"end":{"line":16,"column":72}},"7":{"start":{"line":18,"column":2},"end":{"line":23,"column":3}},"8":{"start":{"line":19,"column":23},"end":{"line":19,"column":45}},"9":{"start":{"line":20,"column":23},"end":{"line":20,"column":45}},"10":{"start":{"line":22,"column":4},"end":{"line":22,"column":68}},"11":{"start":{"line":24,"column":18},"end":{"line":24,"column":61}},"12":{"start":{"line":24,"column":38},"end":{"line":24,"column":60}},"13":{"start":{"line":25,"column":2},"end":{"line":27,"column":5}},"14":{"start":{"line":30,"column":0},"end":{"line":30,"column":41}}},"fnMap":{"0":{"name":"(anonymous_0)","decl":{"start":{"line":5,"column":17},"end":{"line":5,"column":18}},"loc":{"start":{"line":5,"column":31},"end":{"line":9,"column":1}},"line":5},"1":{"name":"(anonymous_1)","decl":{"start":{"line":13,"column":18},"end":{"line":13,"column":19}},"loc":{"start":{"line":13,"column":32},"end":{"line":28,"column":1}},"line":13},"2":{"name":"(anonymous_2)","decl":{"start":{"line":19,"column":16},"end":{"line":19,"column":17}},"loc":{"start":{"line":19,"column":23},"end":{"line":19,"column":45}},"line":19},"3":{"name":"(anonymous_3)","decl":{"start":{"line":20,"column":16},"end":{"line":20,"column":17}},"loc":{"start":{"line":20,"column":23},"end":{"line":20,"column":45}},"line":20},"4":{"name":"(anonymous_4)","decl":{"start":{"line":24,"column":31},"end":{"line":24,"column":32}},"loc":{"start":{"line":24,"column":38},"end":{"line":24,"column":60}},"line":24}},"branchMap":{"0":{"loc":{"start":{"line":15,"column":2},"end":{"line":17,"column":3}},"type":"if","locations":[{"start":{"line":15,"column":2},"end":{"line":17,"column":3}},{"start":{},"end":{}}],"line":15},"1":{"loc":{"start":{"line":15,"column":6},"end":{"line":15,"column":28}},"type":"binary-expr","locations":[{"start":{"line":15,"column":6},"end":{"line":15,"column":15}},{"start":{"line":15,"column":19},"end":{"line":15,"column":28}}],"line":15},"2":{"loc":{"start":{"line":18,"column":2},"end":{"line":23,"column":3}},"type":"if","locations":[{"start":{"line":18,"column":2},"end":{"line":23,"column":3}},{"start":{},"end":{}}],"line":18},"3":{"loc":{"start":{"line":19,"column":4},"end":{"line":20,"column":46}},"type":"binary-expr","locations":[{"start":{"line":19,"column":4},"end":{"line":19,"column":46}},{"start":{"line":20,"column":4},"end":{"line":20,"column":46}}],"line":19}},"s":{"0":5,"1":5,"2":1,"3":5,"4":3,"5":3,"6":1,"7":2,"8":4,"9":2,"10":1,"11":1,"12":2,"13":1,"14":5},"f":{"0":1,"1":3,"2":4,"3":2,"4":2},"b":{"0":[1,2],"1":[3,2],"2":[1,1],"3":[2,1]},"_coverageSchema":"1a1c01bbd47fc00a2c39e90264f33305004495a9","hash":"e1664923de4f2df760bbde28e5af1cdacaada1e1"}
,"/Users/master/Desktop/repos/COSC4353-Group27/controllers/profileController.js": {"path":"/Users/master/Desktop/repos/COSC4353-Group27/controllers/profileController.js","statementMap":{"0":{"start":{"line":1,"column":16},"end":{"line":1,"column":54}},"1":{"start":{"line":2,"column":15},"end":{"line":2,"column":19}},"2":{"start":{"line":4,"column":19},"end":{"line":8,"column":1}},"3":{"start":{"line":5,"column":13},"end":{"line":5,"column":26}},"4":{"start":{"line":6,"column":17},"end":{"line":6,"column":61}},"5":{"start":{"line":6,"column":37},"end":{"line":6,"column":60}},"6":{"start":{"line":7,"column":2},"end":{"line":7,"column":41}},"7":{"start":{"line":10,"column":20},"end":{"line":49,"column":1}},"8":{"start":{"line":11,"column":26},"end":{"line":13,"column":40}},"9":{"start":{"line":14,"column":65},"end":{"line":14,"column":73}},"10":{"start":{"line":15,"column":2},"end":{"line":26,"column":3}},"11":{"start":{"line":23,"column":4},"end":{"line":25,"column":7}},"12":{"start":{"line":27,"column":2},"end":{"line":36,"column":3}},"13":{"start":{"line":35,"column":4},"end":{"line":35,"column":62}},"14":{"start":{"line":37,"column":2},"end":{"line":45,"column":5}},"15":{"start":{"line":46,"column":2},"end":{"line":46,"column":23}},"16":{"start":{"line":47,"column":20},"end":{"line":47,"column":77}},"17":{"start":{"line":47,"column":40},"end":{"line":47,"column":76}},"18":{"start":{"line":48,"column":2},"end":{"line":48,"column":44}},"19":{"start":{"line":51,"column":22},"end":{"line":87,"column":1}},"20":{"start":{"line":52,"column":26},"end":{"line":52,"column":47}},"21":{"start":{"line":53,"column":17},"end":{"line":53,"column":74}},"22":{"start":{"line":53,"column":37},"end":{"line":53,"column":73}},"23":{"start":{"line":54,"column":2},"end":{"line":56,"column":3}},"24":{"start":{"line":55,"column":4},"end":{"line":55,"column":65}},"25":{"start":{"line":57,"column":65},"end":{"line":57,"column":73}},"26":{"start":{"line":58,"column":2},"end":{"line":69,"column":3}},"27":{"start":{"line":66,"column":4},"end":{"line":68,"column":72}},"28":{"start":{"line":70,"column":2},"end":{"line":79,"column":3}},"29":{"start":{"line":78,"column":4},"end":{"line":78,"column":62}},"30":{"start":{"line":80,"column":2},"end":{"line":80,"column":29}},"31":{"start":{"line":81,"column":2},"end":{"line":81,"column":29}},"32":{"start":{"line":82,"column":2},"end":{"line":82,"column":29}},"33":{"start":{"line":83,"column":2},"end":{"line":83,"column":21}},"34":{"start":{"line":84,"column":2},"end":{"line":84,"column":23}},"35":{"start":{"line":85,"column":2},"end":{"line":85,"column":27}},"36":{"start":{"line":86,"column":2},"end":{"line":86,"column":41}},"37":{"start":{"line":89,"column":22},"end":{"line":99,"column":1}},"38":{"start":{"line":90,"column":26},"end":{"line":90,"column":47}},"39":{"start":{"line":91,"column":17},"end":{"line":91,"column":74}},"40":{"start":{"line":91,"column":37},"end":{"line":91,"column":73}},"41":{"start":{"line":92,"column":2},"end":{"line":92,"column":22}},"42":{"start":{"line":93,"column":2},"end":{"line":95,"column":3}},"43":{"start":{"line":94,"column":4},"end":{"line":94,"column":65}},"44":{"start":{"line":96,"column":16},"end":{"line":96,"column":39}},"45":{"start":{"line":97,"column":2},"end":{"line":97,"column":27}},"46":{"start":{"line":98,"column":2},"end":{"line":98,"column":70}},"47":{"start":{"line":101,"column":0},"end":{"line":101,"column":75}}},"fnMap":{"0":{"name":"(anonymous_0)","decl":{"start":{"line":4,"column":19},"end":{"line":4,"column":20}},"loc":{"start":{"line":4,"column":33},"end":{"line":8,"column":1}},"line":4},"1":{"name":"(anonymous_1)","decl":{"start":{"line":6,"column":30},"end":{"line":6,"column":31}},"loc":{"start":{"line":6,"column":37},"end":{"line":6,"column":60}},"line":6},"2":{"name":"(anonymous_2)","decl":{"start":{"line":10,"column":20},"end":{"line":10,"column":21}},"loc":{"start":{"line":10,"column":34},"end":{"line":49,"column":1}},"line":10},"3":{"name":"(anonymous_3)","decl":{"start":{"line":47,"column":33},"end":{"line":47,"column":34}},"loc":{"start":{"line":47,"column":40},"end":{"line":47,"column":76}},"line":47},"4":{"name":"(anonymous_4)","decl":{"start":{"line":51,"column":22},"end":{"line":51,"column":23}},"loc":{"start":{"line":51,"column":36},"end":{"line":87,"column":1}},"line":51},"5":{"name":"(anonymous_5)","decl":{"start":{"line":53,"column":30},"end":{"line":53,"column":31}},"loc":{"start":{"line":53,"column":37},"end":{"line":53,"column":73}},"line":53},"6":{"name":"(anonymous_6)","decl":{"start":{"line":89,"column":22},"end":{"line":89,"column":23}},"loc":{"start":{"line":89,"column":36},"end":{"line":99,"column":1}},"line":89},"7":{"name":"(anonymous_7)","decl":{"start":{"line":91,"column":30},"end":{"line":91,"column":31}},"loc":{"start":{"line":91,"column":37},"end":{"line":91,"column":73}},"line":91}},"branchMap":{"0":{"loc":{"start":{"line":11,"column":26},"end":{"line":13,"column":40}},"type":"cond-expr","locations":[{"start":{"line":12,"column":6},"end":{"line":12,"column":27}},{"start":{"line":13,"column":6},"end":{"line":13,"column":40}}],"line":11},"1":{"loc":{"start":{"line":15,"column":2},"end":{"line":26,"column":3}},"type":"if","locations":[{"start":{"line":15,"column":2},"end":{"line":26,"column":3}},{"start":{},"end":{}}],"line":15},"2":{"loc":{"start":{"line":16,"column":4},"end":{"line":21,"column":12}},"type":"binary-expr","locations":[{"start":{"line":16,"column":4},"end":{"line":16,"column":20}},{"start":{"line":17,"column":4},"end":{"line":17,"column":13}},{"start":{"line":18,"column":4},"end":{"line":18,"column":13}},{"start":{"line":19,"column":4},"end":{"line":19,"column":9}},{"start":{"line":20,"column":4},"end":{"line":20,"column":10}},{"start":{"line":21,"column":4},"end":{"line":21,"column":12}}],"line":16},"3":{"loc":{"start":{"line":27,"column":2},"end":{"line":36,"column":3}},"type":"if","locations":[{"start":{"line":27,"column":2},"end":{"line":36,"column":3}},{"start":{},"end":{}}],"line":27},"4":{"loc":{"start":{"line":28,"column":4},"end":{"line":33,"column":22}},"type":"binary-expr","locations":[{"start":{"line":28,"column":4},"end":{"line":28,"column":24}},{"start":{"line":29,"column":4},"end":{"line":29,"column":25}},{"start":{"line":30,"column":4},"end":{"line":30,"column":26}},{"start":{"line":31,"column":4},"end":{"line":31,"column":21}},{"start":{"line":32,"column":4},"end":{"line":32,"column":22}},{"start":{"line":33,"column":4},"end":{"line":33,"column":22}}],"line":28},"5":{"loc":{"start":{"line":54,"column":2},"end":{"line":56,"column":3}},"type":"if","locations":[{"start":{"line":54,"column":2},"end":{"line":56,"column":3}},{"start":{},"end":{}}],"line":54},"6":{"loc":{"start":{"line":58,"column":2},"end":{"line":69,"column":3}},"type":"if","locations":[{"start":{"line":58,"column":2},"end":{"line":69,"column":3}},{"start":{},"end":{}}],"line":58},"7":{"loc":{"start":{"line":59,"column":4},"end":{"line":64,"column":12}},"type":"binary-expr","locations":[{"start":{"line":59,"column":4},"end":{"line":59,"column":20}},{"start":{"line":60,"column":4},"end":{"line":60,"column":13}},{"start":{"line":61,"column":4},"end":{"line":61,"column":13}},{"start":{"line":62,"column":4},"end":{"line":62,"column":9}},{"start":{"line":63,"column":4},"end":{"line":63,"column":10}},{"start":{"line":64,"column":4},"end":{"line":64,"column":12}}],"line":59},"8":{"loc":{"start":{"line":70,"column":2},"end":{"line":79,"column":3}},"type":"if","locations":[{"start":{"line":70,"column":2},"end":{"line":79,"column":3}},{"start":{},"end":{}}],"line":70},"9":{"loc":{"start":{"line":71,"column":4},"end":{"line":76,"column":22}},"type":"binary-expr","locations":[{"start":{"line":71,"column":4},"end":{"line":71,"column":24}},{"start":{"line":72,"column":4},"end":{"line":72,"column":25}},{"start":{"line":73,"column":4},"end":{"line":73,"column":26}},{"start":{"line":74,"column":4},"end":{"line":74,"column":21}},{"start":{"line":75,"column":4},"end":{"line":75,"column":22}},{"start":{"line":76,"column":4},"end":{"line":76,"column":22}}],"line":71},"10":{"loc":{"start":{"line":93,"column":2},"end":{"line":95,"column":3}},"type":"if","locations":[{"start":{"line":93,"column":2},"end":{"line":95,"column":3}},{"start":{},"end":{}}],"line":93}},"s":{"0":5,"1":5,"2":5,"3":1,"4":1,"5":2,"6":1,"7":5,"8":3,"9":3,"10":3,"11":1,"12":2,"13":1,"14":1,"15":1,"16":1,"17":3,"18":1,"19":5,"20":4,"21":4,"22":9,"23":4,"24":1,"25":3,"26":3,"27":1,"28":2,"29":1,"30":1,"31":1,"32":1,"33":1,"34":1,"35":1,"36":1,"37":5,"38":2,"39":2,"40":4,"41":2,"42":2,"43":1,"44":1,"45":1,"46":1,"47":5},"f":{"0":1,"1":2,"2":3,"3":3,"4":4,"5":9,"6":2,"7":4},"b":{"0":[3,0],"1":[1,2],"2":[3,3,2,2,2,2],"3":[1,1],"4":[2,2,2,2,2,1],"5":[1,3],"6":[1,2],"7":[3,3,2,2,2,2],"8":[1,1],"9":[2,2,2,2,2,1],"10":[1,1]},"_coverageSchema":"1a1c01bbd47fc00a2c39e90264f33305004495a9","hash":"20fbce71e88994cc6f6942a211a10ea0fa27e455"}
,"/Users/master/Desktop/repos/COSC4353-Group27/controllers/registerController.js": {"path":"/Users/master/Desktop/repos/COSC4353-Group27/controllers/registerController.js","statementMap":{"0":{"start":{"line":1,"column":14},"end":{"line":1,"column":50}},"1":{"start":{"line":5,"column":24},"end":{"line":9,"column":1}},"2":{"start":{"line":6,"column":2},"end":{"line":8,"column":5}},"3":{"start":{"line":13,"column":25},"end":{"line":28,"column":1}},"4":{"start":{"line":14,"column":33},"end":{"line":14,"column":41}},"5":{"start":{"line":15,"column":2},"end":{"line":17,"column":3}},"6":{"start":{"line":16,"column":4},"end":{"line":16,"column":72}},"7":{"start":{"line":18,"column":2},"end":{"line":20,"column":3}},"8":{"start":{"line":18,"column":24},"end":{"line":18,"column":46}},"9":{"start":{"line":19,"column":4},"end":{"line":19,"column":72}},"10":{"start":{"line":21,"column":2},"end":{"line":24,"column":5}},"11":{"start":{"line":25,"column":2},"end":{"line":27,"column":5}},"12":{"start":{"line":30,"column":0},"end":{"line":30,"column":55}}},"fnMap":{"0":{"name":"(anonymous_0)","decl":{"start":{"line":5,"column":24},"end":{"line":5,"column":25}},"loc":{"start":{"line":5,"column":38},"end":{"line":9,"column":1}},"line":5},"1":{"name":"(anonymous_1)","decl":{"start":{"line":13,"column":25},"end":{"line":13,"column":26}},"loc":{"start":{"line":13,"column":39},"end":{"line":28,"column":1}},"line":13},"2":{"name":"(anonymous_2)","decl":{"start":{"line":18,"column":17},"end":{"line":18,"column":18}},"loc":{"start":{"line":18,"column":24},"end":{"line":18,"column":46}},"line":18}},"branchMap":{"0":{"loc":{"start":{"line":15,"column":2},"end":{"line":17,"column":3}},"type":"if","locations":[{"start":{"line":15,"column":2},"end":{"line":17,"column":3}},{"start":{},"end":{}}],"line":15},"1":{"loc":{"start":{"line":15,"column":6},"end":{"line":15,"column":28}},"type":"binary-expr","locations":[{"start":{"line":15,"column":6},"end":{"line":15,"column":15}},{"start":{"line":15,"column":19},"end":{"line":15,"column":28}}],"line":15},"2":{"loc":{"start":{"line":18,"column":2},"end":{"line":20,"column":3}},"type":"if","locations":[{"start":{"line":18,"column":2},"end":{"line":20,"column":3}},{"start":{},"end":{}}],"line":18}},"s":{"0":5,"1":5,"2":1,"3":5,"4":3,"5":3,"6":1,"7":2,"8":3,"9":1,"10":1,"11":1,"12":5},"f":{"0":1,"1":3,"2":3},"b":{"0":[1,2],"1":[3,2],"2":[1,1]},"_coverageSchema":"1a1c01bbd47fc00a2c39e90264f33305004495a9","hash":"ebe3bd921fa15856df4136d0562d07bae56b8a9a"}
,"/Users/master/Desktop/repos/COSC4353-Group27/middleware/errorHandler.js": {"path":"/Users/master/Desktop/repos/COSC4353-Group27/middleware/errorHandler.js","statementMap":{"0":{"start":{"line":1,"column":22},"end":{"line":1,"column":41}},"1":{"start":{"line":3,"column":21},"end":{"line":16,"column":1}},"2":{"start":{"line":4,"column":4},"end":{"line":4,"column":110}},"3":{"start":{"line":8,"column":4},"end":{"line":8,"column":26}},"4":{"start":{"line":10,"column":19},"end":{"line":10,"column":56}},"5":{"start":{"line":12,"column":4},"end":{"line":12,"column":22}},"6":{"start":{"line":15,"column":4},"end":{"line":15,"column":38}},"7":{"start":{"line":18,"column":0},"end":{"line":18,"column":29}}},"fnMap":{"0":{"name":"(anonymous_0)","decl":{"start":{"line":3,"column":21},"end":{"line":3,"column":22}},"loc":{"start":{"line":3,"column":46},"end":{"line":16,"column":1}},"line":3}},"branchMap":{"0":{"loc":{"start":{"line":10,"column":19},"end":{"line":10,"column":56}},"type":"cond-expr","locations":[{"start":{"line":10,"column":36},"end":{"line":10,"column":50}},{"start":{"line":10,"column":53},"end":{"line":10,"column":56}}],"line":10}},"s":{"0":5,"1":5,"2":0,"3":0,"4":0,"5":0,"6":0,"7":5},"f":{"0":0},"b":{"0":[0,0]},"_coverageSchema":"1a1c01bbd47fc00a2c39e90264f33305004495a9","hash":"dc8bc44df535a8becbca75ef7a466eeaedf52691"}
,"/Users/master/Desktop/repos/COSC4353-Group27/middleware/logger.js": {"path":"/Users/master/Desktop/repos/COSC4353-Group27/middleware/logger.js","statementMap":{"0":{"start":{"line":1,"column":19},"end":{"line":1,"column":38}},"1":{"start":{"line":2,"column":21},"end":{"line":2,"column":36}},"2":{"start":{"line":3,"column":11},"end":{"line":3,"column":24}},"3":{"start":{"line":4,"column":19},"end":{"line":4,"column":41}},"4":{"start":{"line":5,"column":13},"end":{"line":5,"column":28}},"5":{"start":{"line":7,"column":18},"end":{"line":21,"column":1}},"6":{"start":{"line":8,"column":21},"end":{"line":8,"column":65}},"7":{"start":{"line":9,"column":20},"end":{"line":9,"column":58}},"8":{"start":{"line":11,"column":4},"end":{"line":20,"column":5}},"9":{"start":{"line":13,"column":8},"end":{"line":15,"column":9}},"10":{"start":{"line":14,"column":12},"end":{"line":14,"column":70}},"11":{"start":{"line":17,"column":8},"end":{"line":17,"column":93}},"12":{"start":{"line":19,"column":8},"end":{"line":19,"column":24}},"13":{"start":{"line":23,"column":15},"end":{"line":33,"column":1}},"14":{"start":{"line":26,"column":4},"end":{"line":26,"column":79}},"15":{"start":{"line":29,"column":4},"end":{"line":29,"column":44}},"16":{"start":{"line":32,"column":4},"end":{"line":32,"column":10}},"17":{"start":{"line":35,"column":0},"end":{"line":35,"column":38}}},"fnMap":{"0":{"name":"(anonymous_0)","decl":{"start":{"line":7,"column":18},"end":{"line":7,"column":19}},"loc":{"start":{"line":7,"column":50},"end":{"line":21,"column":1}},"line":7},"1":{"name":"(anonymous_1)","decl":{"start":{"line":23,"column":15},"end":{"line":23,"column":16}},"loc":{"start":{"line":23,"column":35},"end":{"line":33,"column":1}},"line":23}},"branchMap":{"0":{"loc":{"start":{"line":13,"column":8},"end":{"line":15,"column":9}},"type":"if","locations":[{"start":{"line":13,"column":8},"end":{"line":15,"column":9}},{"start":{},"end":{}}],"line":13}},"s":{"0":5,"1":5,"2":5,"3":5,"4":5,"5":5,"6":25,"7":25,"8":25,"9":25,"10":0,"11":25,"12":0,"13":5,"14":25,"15":25,"16":25,"17":5},"f":{"0":25,"1":25},"b":{"0":[0,25]},"_coverageSchema":"1a1c01bbd47fc00a2c39e90264f33305004495a9","hash":"871acca30d05395d4c38feae37ee4ad3b2775b1a"}
,"/Users/master/Desktop/repos/COSC4353-Group27/models/ClientInformation.js": {"path":"/Users/master/Desktop/repos/COSC4353-Group27/models/ClientInformation.js","statementMap":{"0":{"start":{"line":5,"column":16},"end":{"line":22,"column":1}},"1":{"start":{"line":75,"column":0},"end":{"line":75,"column":25}}},"fnMap":{},"branchMap":{},"s":{"0":5,"1":5},"f":{},"b":{},"_coverageSchema":"1a1c01bbd47fc00a2c39e90264f33305004495a9","hash":"e73e780fa1221c1023b8075a97457cbe6c3b48ba"}
,"/Users/master/Desktop/repos/COSC4353-Group27/models/FuelQuote.js": {"path":"/Users/master/Desktop/repos/COSC4353-Group27/models/FuelQuote.js","statementMap":{"0":{"start":{"line":1,"column":17},"end":{"line":1,"column":36}},"1":{"start":{"line":3,"column":19},"end":{"line":9,"column":1}},"2":{"start":{"line":11,"column":0},"end":{"line":11,"column":28}}},"fnMap":{},"branchMap":{},"s":{"0":5,"1":5,"2":5},"f":{},"b":{},"_coverageSchema":"1a1c01bbd47fc00a2c39e90264f33305004495a9","hash":"9407bcd22bfd2c737ecdee9266d54bea139007a3"}
,"/Users/master/Desktop/repos/COSC4353-Group27/models/UserCredentials.js": {"path":"/Users/master/Desktop/repos/COSC4353-Group27/models/UserCredentials.js","statementMap":{"0":{"start":{"line":3,"column":14},"end":{"line":12,"column":1}},"1":{"start":{"line":25,"column":0},"end":{"line":25,"column":23}}},"fnMap":{},"branchMap":{},"s":{"0":5,"1":5},"f":{},"b":{},"_coverageSchema":"1a1c01bbd47fc00a2c39e90264f33305004495a9","hash":"d07844add9a6e6e6d3fee709ca51397fdaaaf259"}
,"/Users/master/Desktop/repos/COSC4353-Group27/routes/fuelQuoteFormRoutes.js": {"path":"/Users/master/Desktop/repos/COSC4353-Group27/routes/fuelQuoteFormRoutes.js","statementMap":{"0":{"start":{"line":1,"column":16},"end":{"line":1,"column":34}},"1":{"start":{"line":2,"column":15},"end":{"line":2,"column":31}},"2":{"start":{"line":3,"column":13},"end":{"line":3,"column":28}},"3":{"start":{"line":4,"column":32},"end":{"line":4,"column":81}},"4":{"start":{"line":10,"column":0},"end":{"line":16,"column":12}},"5":{"start":{"line":18,"column":0},"end":{"line":18,"column":24}}},"fnMap":{},"branchMap":{},"s":{"0":5,"1":5,"2":5,"3":5,"4":5,"5":5},"f":{},"b":{},"_coverageSchema":"1a1c01bbd47fc00a2c39e90264f33305004495a9","hash":"d51718f18766b2e03786b84124e19533222c9b6d"}
,"/Users/master/Desktop/repos/COSC4353-Group27/routes/fuelQuoteHistoryRoutes.js": {"path":"/Users/master/Desktop/repos/COSC4353-Group27/routes/fuelQuoteHistoryRoutes.js","statementMap":{"0":{"start":{"line":1,"column":16},"end":{"line":1,"column":34}},"1":{"start":{"line":2,"column":15},"end":{"line":2,"column":31}},"2":{"start":{"line":4,"column":35},"end":{"line":4,"column":87}},"3":{"start":{"line":10,"column":0},"end":{"line":16,"column":12}},"4":{"start":{"line":18,"column":0},"end":{"line":18,"column":24}}},"fnMap":{},"branchMap":{},"s":{"0":5,"1":5,"2":5,"3":5,"4":5},"f":{},"b":{},"_coverageSchema":"1a1c01bbd47fc00a2c39e90264f33305004495a9","hash":"e86fa37e3109776efc09e4eabee90cdea3411920"}
,"/Users/master/Desktop/repos/COSC4353-Group27/routes/loginRoutes.js": {"path":"/Users/master/Desktop/repos/COSC4353-Group27/routes/loginRoutes.js","statementMap":{"0":{"start":{"line":1,"column":16},"end":{"line":1,"column":34}},"1":{"start":{"line":2,"column":15},"end":{"line":2,"column":31}},"2":{"start":{"line":3,"column":13},"end":{"line":3,"column":28}},"3":{"start":{"line":4,"column":24},"end":{"line":4,"column":65}},"4":{"start":{"line":10,"column":0},"end":{"line":16,"column":12}},"5":{"start":{"line":18,"column":0},"end":{"line":18,"column":24}}},"fnMap":{},"branchMap":{},"s":{"0":5,"1":5,"2":5,"3":5,"4":5,"5":5},"f":{},"b":{},"_coverageSchema":"1a1c01bbd47fc00a2c39e90264f33305004495a9","hash":"059033cf5c35f6727543c41dd4c89ba4fa2a8f1c"}
,"/Users/master/Desktop/repos/COSC4353-Group27/routes/profileRoutes.js": {"path":"/Users/master/Desktop/repos/COSC4353-Group27/routes/profileRoutes.js","statementMap":{"0":{"start":{"line":1,"column":16},"end":{"line":1,"column":34}},"1":{"start":{"line":2,"column":15},"end":{"line":2,"column":31}},"2":{"start":{"line":3,"column":26},"end":{"line":3,"column":69}},"3":{"start":{"line":9,"column":0},"end":{"line":15,"column":43}},"4":{"start":{"line":17,"column":0},"end":{"line":17,"column":24}}},"fnMap":{},"branchMap":{},"s":{"0":5,"1":5,"2":5,"3":5,"4":5},"f":{},"b":{},"_coverageSchema":"1a1c01bbd47fc00a2c39e90264f33305004495a9","hash":"4e58da2d92081021f5351ffb7f2b937b8691552e"}
,"/Users/master/Desktop/repos/COSC4353-Group27/routes/registerRoutes.js": {"path":"/Users/master/Desktop/repos/COSC4353-Group27/routes/registerRoutes.js","statementMap":{"0":{"start":{"line":1,"column":16},"end":{"line":1,"column":34}},"1":{"start":{"line":2,"column":15},"end":{"line":2,"column":31}},"2":{"start":{"line":3,"column":13},"end":{"line":3,"column":28}},"3":{"start":{"line":4,"column":27},"end":{"line":4,"column":71}},"4":{"start":{"line":10,"column":0},"end":{"line":16,"column":12}},"5":{"start":{"line":18,"column":0},"end":{"line":18,"column":24}}},"fnMap":{},"branchMap":{},"s":{"0":5,"1":5,"2":5,"3":5,"4":5,"5":5},"f":{},"b":{},"_coverageSchema":"1a1c01bbd47fc00a2c39e90264f33305004495a9","hash":"75c269292d060ed7a0bda0fb480f333154834853"}
,"/Users/master/Desktop/repos/COSC4353-Group27/routes/root.js": {"path":"/Users/master/Desktop/repos/COSC4353-Group27/routes/root.js","statementMap":{"0":{"start":{"line":1,"column":16},"end":{"line":1,"column":34}},"1":{"start":{"line":2,"column":15},"end":{"line":2,"column":31}},"2":{"start":{"line":3,"column":13},"end":{"line":3,"column":28}},"3":{"start":{"line":5,"column":0},"end":{"line":7,"column":2}},"4":{"start":{"line":6,"column":4},"end":{"line":6,"column":67}},"5":{"start":{"line":9,"column":0},"end":{"line":9,"column":23}}},"fnMap":{"0":{"name":"(anonymous_0)","decl":{"start":{"line":5,"column":33},"end":{"line":5,"column":34}},"loc":{"start":{"line":5,"column":47},"end":{"line":7,"column":1}},"line":5}},"branchMap":{},"s":{"0":5,"1":5,"2":5,"3":5,"4":0,"5":5},"f":{"0":0},"b":{},"_coverageSchema":"1a1c01bbd47fc00a2c39e90264f33305004495a9","hash":"92cd00e1e73d4330cb426416ca031c9caf027e79"}
}
