TN:
SF:server.js
FN:16,(anonymous_0)
FN:47,(anonymous_1)
FNF:2
FNH:0
FNDA:0,(anonymous_0)
FNDA:0,(anonymous_1)
DA:1,5
DA:2,5
DA:3,5
DA:4,5
DA:5,5
DA:6,5
DA:7,5
DA:8,5
DA:9,5
DA:10,5
DA:11,5
DA:12,5
DA:13,5
DA:15,5
DA:16,0
DA:23,5
DA:25,5
DA:27,5
DA:29,5
DA:31,5
DA:35,5
DA:41,5
DA:42,5
DA:43,5
DA:44,5
DA:45,5
DA:47,5
DA:48,0
DA:49,0
DA:50,0
DA:51,0
DA:52,0
DA:54,0
DA:58,5
DA:71,5
LF:35
LH:28
BRDA:12,0,0,5
BRDA:12,0,1,5
BRDA:15,1,0,0
BRDA:15,1,1,5
BRDA:49,2,0,0
BRDA:49,2,1,0
BRDA:51,3,0,0
BRDA:51,3,1,0
BRF:8
BRH:3
end_of_record
TN:
SF:config/allowedOrigins.js
FNF:0
FNH:0
DA:1,5
DA:3,5
DA:7,5
LF:3
LH:3
BRF:0
BRH:0
end_of_record
TN:
SF:config/corsOptions.js
FN:4,(anonymous_0)
FNF:1
FNH:1
FNDA:25,(anonymous_0)
DA:1,5
DA:3,5
DA:8,25
DA:9,25
DA:11,0
DA:20,5
LF:6
LH:5
BRDA:8,0,0,25
BRDA:8,0,1,0
BRDA:8,1,0,25
BRDA:8,1,1,25
BRF:4
BRH:3
end_of_record
TN:
SF:config/dbConn.js
FNF:0
FNH:0
LF:0
LH:0
BRF:0
BRH:0
end_of_record
TN:
SF:controllers/fuelQuoteFormController.js
FN:8,(anonymous_0)
FN:10,(anonymous_1)
FN:22,(anonymous_2)
FNF:3
FNH:3
FNDA:1,(anonymous_0)
FNDA:1,(anonymous_1)
FNDA:4,(anonymous_2)
DA:1,5
DA:2,5
DA:3,5
DA:8,5
DA:9,1
DA:10,1
DA:11,1
DA:13,1
DA:22,5
DA:23,4
DA:24,4
DA:25,4
DA:26,4
DA:27,1
DA:29,3
DA:30,1
DA:34,2
DA:35,1
DA:39,1
DA:44,1
DA:48,5
LF:21
LH:21
BRDA:26,0,0,1
BRDA:26,0,1,3
BRDA:26,1,0,4
BRDA:26,1,1,3
BRDA:29,2,0,1
BRDA:29,2,1,2
BRDA:29,3,0,3
BRDA:29,3,1,2
BRDA:34,4,0,1
BRDA:34,4,1,1
BRDA:34,5,0,2
BRDA:34,5,1,2
BRF:12
BRH:12
end_of_record
TN:
SF:controllers/fuelQuoteHistoryController.js
FN:5,(anonymous_0)
FN:7,(anonymous_1)
FNF:2
FNH:2
FNDA:2,(anonymous_0)
FNDA:2,(anonymous_1)
DA:1,5
DA:5,5
DA:6,2
DA:7,2
DA:8,2
DA:9,1
DA:11,1
DA:14,5
LF:8
LH:8
BRDA:8,0,0,1
BRDA:8,0,1,1
BRF:2
BRH:2
end_of_record
TN:
SF:controllers/loginController.js
FN:5,(anonymous_0)
FN:13,(anonymous_1)
FN:19,(anonymous_2)
FN:20,(anonymous_3)
FN:24,(anonymous_4)
FNF:5
FNH:5
FNDA:1,(anonymous_0)
FNDA:3,(anonymous_1)
FNDA:4,(anonymous_2)
FNDA:2,(anonymous_3)
FNDA:2,(anonymous_4)
DA:1,5
DA:5,5
DA:6,1
DA:13,5
DA:14,3
DA:15,3
DA:16,1
DA:18,2
DA:19,4
DA:20,2
DA:22,1
DA:24,2
DA:25,1
DA:30,5
LF:14
LH:14
BRDA:15,0,0,1
BRDA:15,0,1,2
BRDA:15,1,0,3
BRDA:15,1,1,2
BRDA:18,2,0,1
BRDA:18,2,1,1
BRDA:19,3,0,2
BRDA:19,3,1,1
BRF:8
BRH:8
end_of_record
TN:
SF:controllers/profileController.js
FN:4,(anonymous_0)
FN:6,(anonymous_1)
FN:10,(anonymous_2)
FN:47,(anonymous_3)
FN:51,(anonymous_4)
FN:53,(anonymous_5)
FN:89,(anonymous_6)
FN:91,(anonymous_7)
FNF:8
FNH:8
FNDA:1,(anonymous_0)
FNDA:2,(anonymous_1)
FNDA:3,(anonymous_2)
FNDA:3,(anonymous_3)
FNDA:4,(anonymous_4)
FNDA:9,(anonymous_5)
FNDA:2,(anonymous_6)
FNDA:4,(anonymous_7)
DA:1,5
DA:2,5
DA:4,5
DA:5,1
DA:6,2
DA:7,1
DA:10,5
DA:11,3
DA:14,3
DA:15,3
DA:23,1
DA:27,2
DA:35,1
DA:37,1
DA:46,1
DA:47,3
DA:48,1
DA:51,5
DA:52,4
DA:53,9
DA:54,4
DA:55,1
DA:57,3
DA:58,3
DA:66,1
DA:70,2
DA:78,1
DA:80,1
DA:81,1
DA:82,1
DA:83,1
DA:84,1
DA:85,1
DA:86,1
DA:89,5
DA:90,2
DA:91,4
DA:92,2
DA:93,2
DA:94,1
DA:96,1
DA:97,1
DA:98,1
DA:101,5
LF:44
LH:44
BRDA:11,0,0,3
BRDA:11,0,1,0
BRDA:15,1,0,1
BRDA:15,1,1,2
BRDA:16,2,0,3
BRDA:16,2,1,3
BRDA:16,2,2,2
BRDA:16,2,3,2
BRDA:16,2,4,2
BRDA:16,2,5,2
BRDA:27,3,0,1
BRDA:27,3,1,1
BRDA:28,4,0,2
BRDA:28,4,1,2
BRDA:28,4,2,2
BRDA:28,4,3,2
BRDA:28,4,4,2
BRDA:28,4,5,1
BRDA:54,5,0,1
BRDA:54,5,1,3
BRDA:58,6,0,1
BRDA:58,6,1,2
BRDA:59,7,0,3
BRDA:59,7,1,3
BRDA:59,7,2,2
BRDA:59,7,3,2
BRDA:59,7,4,2
BRDA:59,7,5,2
BRDA:70,8,0,1
BRDA:70,8,1,1
BRDA:71,9,0,2
BRDA:71,9,1,2
BRDA:71,9,2,2
BRDA:71,9,3,2
BRDA:71,9,4,2
BRDA:71,9,5,1
BRDA:93,10,0,1
BRDA:93,10,1,1
BRF:38
BRH:37
end_of_record
TN:
SF:controllers/registerController.js
FN:5,(anonymous_0)
FN:13,(anonymous_1)
FN:18,(anonymous_2)
FNF:3
FNH:3
FNDA:1,(anonymous_0)
FNDA:3,(anonymous_1)
FNDA:3,(anonymous_2)
DA:1,5
DA:5,5
DA:6,1
DA:13,5
DA:14,3
DA:15,3
DA:16,1
DA:18,3
DA:19,1
DA:21,1
DA:25,1
DA:30,5
LF:12
LH:12
BRDA:15,0,0,1
BRDA:15,0,1,2
BRDA:15,1,0,3
BRDA:15,1,1,2
BRDA:18,2,0,1
BRDA:18,2,1,1
BRF:6
BRH:6
end_of_record
TN:
SF:middleware/errorHandler.js
FN:3,(anonymous_0)
FNF:1
FNH:0
FNDA:0,(anonymous_0)
DA:1,5
DA:3,5
DA:4,0
DA:11,0
DA:13,0
DA:16,0
DA:19,5
LF:7
LH:3
BRDA:13,0,0,0
BRDA:13,0,1,0
BRF:2
BRH:0
end_of_record
TN:
SF:middleware/logger.js
FN:7,(anonymous_0)
FN:23,(anonymous_1)
FNF:2
FNH:2
FNDA:25,(anonymous_0)
FNDA:25,(anonymous_1)
DA:1,5
DA:2,5
DA:3,5
DA:4,5
DA:5,5
DA:7,5
DA:8,25
DA:9,25
DA:11,25
DA:13,25
DA:14,0
DA:17,25
DA:19,0
DA:23,5
DA:26,25
DA:29,25
DA:32,25
DA:35,5
LF:18
LH:16
BRDA:13,0,0,0
BRDA:13,0,1,25
BRF:2
BRH:1
end_of_record
TN:
SF:models/ClientInformation.js
FNF:0
FNH:0
DA:5,5
DA:75,5
LF:2
LH:2
BRF:0
BRH:0
end_of_record
TN:
SF:models/FuelQuote.js
FNF:0
FNH:0
DA:1,5
DA:3,5
DA:11,5
LF:3
LH:3
BRF:0
BRH:0
end_of_record
TN:
SF:models/UserCredentials.js
FNF:0
FNH:0
DA:3,5
DA:25,5
LF:2
LH:2
BRF:0
BRH:0
end_of_record
TN:
SF:routes/fuelQuoteFormRoutes.js
FNF:0
FNH:0
DA:1,5
DA:2,5
DA:3,5
DA:4,5
DA:10,5
DA:18,5
LF:6
LH:6
BRF:0
BRH:0
end_of_record
TN:
SF:routes/fuelQuoteHistoryRoutes.js
FNF:0
FNH:0
DA:1,5
DA:2,5
DA:4,5
DA:10,5
DA:18,5
LF:5
LH:5
BRF:0
BRH:0
end_of_record
TN:
SF:routes/loginRoutes.js
FNF:0
FNH:0
DA:1,5
DA:2,5
DA:3,5
DA:4,5
DA:10,5
DA:18,5
LF:6
LH:6
BRF:0
BRH:0
end_of_record
TN:
SF:routes/profileRoutes.js
FNF:0
FNH:0
DA:1,5
DA:2,5
DA:3,5
DA:9,5
DA:17,5
LF:5
LH:5
BRF:0
BRH:0
end_of_record
TN:
SF:routes/registerRoutes.js
FNF:0
FNH:0
DA:1,5
DA:2,5
DA:3,5
DA:4,5
DA:10,5
DA:18,5
LF:6
LH:6
BRF:0
BRH:0
end_of_record
TN:
SF:routes/root.js
FN:5,(anonymous_0)
FNF:1
FNH:0
FNDA:0,(anonymous_0)
DA:1,5
DA:2,5
DA:3,5
DA:5,5
DA:6,0
DA:9,5
LF:6
LH:5
BRF:0
BRH:0
end_of_record
